#####################################
{
  "after": "91a0b2d234db2743ae5ee101047bde2f7e09e817", 
  "before": "1bbe77836d8b82fe81de2affbaf63322472c50e3", 
  "commits": [
    {
      "added": [], 
      "author": {
        "email": "derek@armyofevilrobots.com", 
        "name": "Derek Anderson"
      }, 
      "id": "91a0b2d234db2743ae5ee101047bde2f7e09e817", 
      "message": "Foo change", 
      "modified": [
        "README", 
        "index.php"
      ], 
      "removed": [], 
      "timestamp": "2010-06-08T11:38:24-07:00", 
      "url": "http:\/\/github.com\/rantenki\/gitpuller\/commit\/91a0b2d234db2743ae5ee101047bde2f7e09e817"
    }
  ], 
  "ref": "refs\/heads\/master", 
  "repository": {
    "description": "tool to update a remote server over ssh when a github hook is run", 
    "fork": false, 
    "forks": 0, 
    "has_downloads": true, 
    "has_issues": true, 
    "has_wiki": true, 
    "homepage": "http:\/\/brwr.ca\/", 
    "name": "gitpuller", 
    "open_issues": 0, 
    "owner": {
      "email": "derek@armyofevilrobots.com", 
      "name": "rantenki"
    }, 
    "private": false, 
    "url": "http:\/\/github.com\/rantenki\/gitpuller", 
    "watchers": 1
  }
}
#####################################
#####################################
{
  "after": "91a0b2d234db2743ae5ee101047bde2f7e09e817", 
  "before": "1bbe77836d8b82fe81de2affbaf63322472c50e3", 
  "commits": [
    {
      "added": [], 
      "author": {
        "email": "derek@armyofevilrobots.com", 
        "name": "Derek Anderson"
      }, 
      "id": "91a0b2d234db2743ae5ee101047bde2f7e09e817", 
      "message": "Foo change", 
      "modified": [
        "README", 
        "index.php"
      ], 
      "removed": [], 
      "timestamp": "2010-06-08T11:38:24-07:00", 
      "url": "http:\/\/github.com\/rantenki\/gitpuller\/commit\/91a0b2d234db2743ae5ee101047bde2f7e09e817"
    }
  ], 
  "ref": "refs\/heads\/master", 
  "repository": {
    "description": "tool to update a remote server over ssh when a github hook is run", 
    "fork": false, 
    "forks": 0, 
    "has_downloads": true, 
    "has_issues": true, 
    "has_wiki": true, 
    "homepage": "http:\/\/brwr.ca\/", 
    "name": "gitpuller", 
    "open_issues": 0, 
    "owner": {
      "email": "derek@armyofevilrobots.com", 
      "name": "rantenki"
    }, 
    "private": false, 
    "url": "http:\/\/github.com\/rantenki\/gitpuller", 
    "watchers": 1
  }
}
#####################################
Starting update...
Pulling at @:/tmp/gitpuller
Cmd: /usr/bin/git pull origin master 
#####################################
#####################################
#####################################
#####################################
#####################################
#####################################
#####################################
{\"commits\":[{\"modified\":[\"README\"],\"url\":\"http://github.com/rantenki/gitpuller/commit/b55f2cf17038aa7cf38a055d3057e603579b383b\",\"message\":\"Test\",\"added\":[],\"author\":{\"email\":\"derek@armyofevilrobots.com\",\"name\":\"Derek Anderson\"},\"timestamp\":\"2010-06-08T16:37:03-07:00\",\"removed\":[],\"id\":\"b55f2cf17038aa7cf38a055d3057e603579b383b\"}],\"before\":\"93ab2f0885f13825102d595619c95a79df202fd9\",\"ref\":\"refs/heads/master\",\"after\":\"b55f2cf17038aa7cf38a055d3057e603579b383b\",\"repository\":{\"has_issues\":true,\"forks\":0,\"description\":\"tool to update a remote server over ssh when a github hook is run\",\"url\":\"http://github.com/rantenki/gitpuller\",\"has_downloads\":true,\"fork\":false,\"private\":false,\"watchers\":1,\"homepage\":\"http://brwr.ca/\",\"has_wiki\":true,\"owner\":{\"email\":\"derek@armyofevilrobots.com\",\"name\":\"rantenki\"},\"name\":\"gitpuller\",\"open_issues\":0}}
#####################################
#####################################
{\"commits\":[{\"modified\":[\"README\"],\"url\":\"http://github.com/rantenki/gitpuller/commit/b55f2cf17038aa7cf38a055d3057e603579b383b\",\"message\":\"Test\",\"added\":[],\"author\":{\"email\":\"derek@armyofevilrobots.com\",\"name\":\"Derek Anderson\"},\"timestamp\":\"2010-06-08T16:37:03-07:00\",\"removed\":[],\"id\":\"b55f2cf17038aa7cf38a055d3057e603579b383b\"}],\"before\":\"93ab2f0885f13825102d595619c95a79df202fd9\",\"ref\":\"refs/heads/master\",\"after\":\"b55f2cf17038aa7cf38a055d3057e603579b383b\",\"repository\":{\"has_issues\":true,\"forks\":0,\"description\":\"tool to update a remote server over ssh when a github hook is run\",\"url\":\"http://github.com/rantenki/gitpuller\",\"has_downloads\":true,\"fork\":false,\"private\":false,\"watchers\":1,\"homepage\":\"http://brwr.ca/\",\"has_wiki\":true,\"owner\":{\"email\":\"derek@armyofevilrobots.com\",\"name\":\"rantenki\"},\"name\":\"gitpuller\",\"open_issues\":0}}
#####################################
Checking against dereksbranch
#####################################
{\"commits\":[{\"modified\":[\"README\"],\"url\":\"http://github.com/rantenki/gitpuller/commit/b55f2cf17038aa7cf38a055d3057e603579b383b\",\"message\":\"Test\",\"added\":[],\"author\":{\"email\":\"derek@armyofevilrobots.com\",\"name\":\"Derek Anderson\"},\"timestamp\":\"2010-06-08T16:37:03-07:00\",\"removed\":[],\"id\":\"b55f2cf17038aa7cf38a055d3057e603579b383b\"}],\"before\":\"93ab2f0885f13825102d595619c95a79df202fd9\",\"ref\":\"refs/heads/master\",\"after\":\"b55f2cf17038aa7cf38a055d3057e603579b383b\",\"repository\":{\"has_issues\":true,\"forks\":0,\"description\":\"tool to update a remote server over ssh when a github hook is run\",\"url\":\"http://github.com/rantenki/gitpuller\",\"has_downloads\":true,\"fork\":false,\"private\":false,\"watchers\":1,\"homepage\":\"http://brwr.ca/\",\"has_wiki\":true,\"owner\":{\"email\":\"derek@armyofevilrobots.com\",\"name\":\"rantenki\"},\"name\":\"gitpuller\",\"open_issues\":0}}
#####################################
Checking against dereksbranch
a: ->owner->name|->name b: rantenki|gitpuller
#####################################
{\"commits\":[{\"modified\":[\"README\"],\"url\":\"http://github.com/rantenki/gitpuller/commit/b55f2cf17038aa7cf38a055d3057e603579b383b\",\"message\":\"Test\",\"added\":[],\"author\":{\"email\":\"derek@armyofevilrobots.com\",\"name\":\"Derek Anderson\"},\"timestamp\":\"2010-06-08T16:37:03-07:00\",\"removed\":[],\"id\":\"b55f2cf17038aa7cf38a055d3057e603579b383b\"}],\"before\":\"93ab2f0885f13825102d595619c95a79df202fd9\",\"ref\":\"refs/heads/master\",\"after\":\"b55f2cf17038aa7cf38a055d3057e603579b383b\",\"repository\":{\"has_issues\":true,\"forks\":0,\"description\":\"tool to update a remote server over ssh when a github hook is run\",\"url\":\"http://github.com/rantenki/gitpuller\",\"has_downloads\":true,\"fork\":false,\"private\":false,\"watchers\":1,\"homepage\":\"http://brwr.ca/\",\"has_wiki\":true,\"owner\":{\"email\":\"derek@armyofevilrobots.com\",\"name\":\"rantenki\"},\"name\":\"gitpuller\",\"open_issues\":0}}
#####################################
Checking against dereksbranch
a: | b: rantenki|gitpuller
#####################################
{\"commits\":[{\"modified\":[\"README\"],\"url\":\"http://github.com/rantenki/gitpuller/commit/b55f2cf17038aa7cf38a055d3057e603579b383b\",\"message\":\"Test\",\"added\":[],\"author\":{\"email\":\"derek@armyofevilrobots.com\",\"name\":\"Derek Anderson\"},\"timestamp\":\"2010-06-08T16:37:03-07:00\",\"removed\":[],\"id\":\"b55f2cf17038aa7cf38a055d3057e603579b383b\"}],\"before\":\"93ab2f0885f13825102d595619c95a79df202fd9\",\"ref\":\"refs/heads/master\",\"after\":\"b55f2cf17038aa7cf38a055d3057e603579b383b\",\"repository\":{\"has_issues\":true,\"forks\":0,\"description\":\"tool to update a remote server over ssh when a github hook is run\",\"url\":\"http://github.com/rantenki/gitpuller\",\"has_downloads\":true,\"fork\":false,\"private\":false,\"watchers\":1,\"homepage\":\"http://brwr.ca/\",\"has_wiki\":true,\"owner\":{\"email\":\"derek@armyofevilrobots.com\",\"name\":\"rantenki\"},\"name\":\"gitpuller\",\"open_issues\":0}}
#####################################
Checking against dereksbranch
a: | b: rantenki|gitpuller
Failed to decode json.